<?xml version="1.0" encoding="UTF-8"?>
<!-- Generated by org.testng.reporters.JUnitReportReporter -->
<testsuite hostname="suraj-pavilion" failures="0" tests="2" name="com.ninza.hrm.api.projectTest.ProjectTest" time="0.965" errors="0" timestamp="2025-04-17T12:17:09 IST" skipped="0">
  <testcase classname="com.ninza.hrm.api.projectTest.ProjectTest" name="addSingleProjectWithCreatedTest" time="0.920"/>
  <testcase classname="com.ninza.hrm.api.projectTest.ProjectTest" name="createAddDuplicateProject" time="0.045"/>
</testsuite> <!-- com.ninza.hrm.api.projectTest.ProjectTest -->
