<?xml version="1.0" encoding="UTF-8"?>
<!-- Generated by org.testng.reporters.JUnitReportReporter -->
<testsuite hostname="suraj-pavilion" failures="0" tests="2" name="com.ninza.hrm.api.employeeTest.EmployeeTest" time="1.748" errors="0" timestamp="2025-04-17T12:51:32 IST" skipped="0">
  <testcase classname="com.ninza.hrm.api.employeeTest.EmployeeTest" name="addEmployee" time="1.674"/>
  <testcase classname="com.ninza.hrm.api.employeeTest.EmployeeTest" name="addEmployeeWithOutEmail" time="0.074"/>
</testsuite> <!-- com.ninza.hrm.api.employeeTest.EmployeeTest -->
